  collidedState.cpp
  collision.cpp
c:\users\richeton\desktop\schoolsout\school'sout\player.h(10): warning C4067: unexpected tokens following preprocessor directive - expected a newline
c:\users\richeton\desktop\schoolsout\school'sout\player.h(11): warning C4067: unexpected tokens following preprocessor directive - expected a newline
c:\users\richeton\desktop\schoolsout\school'sout\player.h(12): warning C4067: unexpected tokens following preprocessor directive - expected a newline
c:\users\richeton\desktop\schoolsout\school'sout\projectile.h(10): warning C4067: unexpected tokens following preprocessor directive - expected a newline
  combatState.cpp
  enemy.cpp
  entity.cpp
c:\users\richeton\desktop\schoolsout\school'sout\player.h(10): warning C4067: unexpected tokens following preprocessor directive - expected a newline
c:\users\richeton\desktop\schoolsout\school'sout\player.h(11): warning C4067: unexpected tokens following preprocessor directive - expected a newline
c:\users\richeton\desktop\schoolsout\school'sout\player.h(12): warning C4067: unexpected tokens following preprocessor directive - expected a newline
c:\users\richeton\desktop\schoolsout\school'sout\projectile.h(10): warning C4067: unexpected tokens following preprocessor directive - expected a newline
  entityCollection.cpp
c:\users\richeton\desktop\schoolsout\school'sout\player.h(10): warning C4067: unexpected tokens following preprocessor directive - expected a newline
c:\users\richeton\desktop\schoolsout\school'sout\player.h(11): warning C4067: unexpected tokens following preprocessor directive - expected a newline
c:\users\richeton\desktop\schoolsout\school'sout\player.h(12): warning C4067: unexpected tokens following preprocessor directive - expected a newline
c:\users\richeton\desktop\schoolsout\school'sout\projectile.h(10): warning C4067: unexpected tokens following preprocessor directive - expected a newline
  game.cpp
  graphics.cpp
  obstacle.cpp
  projectile.cpp
c:\users\richeton\desktop\schoolsout\school'sout\projectile.h(10): warning C4067: unexpected tokens following preprocessor directive - expected a newline
  searchingState.cpp
c:\users\richeton\desktop\schoolsout\school'sout\searchingstate.cpp(38): warning C4244: '=': conversion from 'int' to 'FLOAT', possible loss of data
c:\users\richeton\desktop\schoolsout\school'sout\searchingstate.cpp(40): warning C4244: '=': conversion from 'int' to 'FLOAT', possible loss of data
  spawner.cpp
c:\users\richeton\desktop\schoolsout\school'sout\player.h(10): warning C4067: unexpected tokens following preprocessor directive - expected a newline
c:\users\richeton\desktop\schoolsout\school'sout\player.h(11): warning C4067: unexpected tokens following preprocessor directive - expected a newline
c:\users\richeton\desktop\schoolsout\school'sout\player.h(12): warning C4067: unexpected tokens following preprocessor directive - expected a newline
c:\users\richeton\desktop\schoolsout\school'sout\projectile.h(10): warning C4067: unexpected tokens following preprocessor directive - expected a newline
c:\users\richeton\desktop\schoolsout\school'sout\spawner.cpp(27): warning C4244: 'initializing': conversion from 'UINT' to 'float', possible loss of data
c:\users\richeton\desktop\schoolsout\school'sout\spawner.cpp(28): warning C4244: 'initializing': conversion from 'UINT' to 'float', possible loss of data
c:\users\richeton\desktop\schoolsout\school'sout\spawner.cpp(40): warning C4244: '=': conversion from 'UINT' to 'float', possible loss of data
c:\users\richeton\desktop\schoolsout\school'sout\spawner.cpp(41): warning C4244: '=': conversion from 'UINT' to 'float', possible loss of data
c:\users\richeton\desktop\schoolsout\school'sout\spawner.cpp(78): warning C4244: 'initializing': conversion from 'UINT' to 'float', possible loss of data
c:\users\richeton\desktop\schoolsout\school'sout\spawner.cpp(79): warning C4244: 'initializing': conversion from 'UINT' to 'float', possible loss of data
c:\users\richeton\desktop\schoolsout\school'sout\spawner.cpp(92): warning C4244: '=': conversion from 'UINT' to 'float', possible loss of data
c:\users\richeton\desktop\schoolsout\school'sout\spawner.cpp(93): warning C4244: '=': conversion from 'UINT' to 'float', possible loss of data
  state.cpp
  image.cpp
  input.cpp
  textureManager.cpp
  winmain.cpp
c:\users\richeton\desktop\schoolsout\school'sout\player.h(10): warning C4067: unexpected tokens following preprocessor directive - expected a newline
c:\users\richeton\desktop\schoolsout\school'sout\player.h(11): warning C4067: unexpected tokens following preprocessor directive - expected a newline
c:\users\richeton\desktop\schoolsout\school'sout\player.h(12): warning C4067: unexpected tokens following preprocessor directive - expected a newline
c:\users\richeton\desktop\schoolsout\school'sout\projectile.h(10): warning C4067: unexpected tokens following preprocessor directive - expected a newline
  Generating Code...
  School'sOut.vcxproj -> C:\Users\Richeton\Desktop\SchoolsOut\School'sOut\Debug\School'sOut.exe
