c:\users\npstudent\downloads\gameplay programming (gpp)\assignment 1\school'sout\school'sout\debug\vc141.pdb
c:\users\npstudent\downloads\gameplay programming (gpp)\assignment 1\school'sout\school'sout\debug\vc141.idb
c:\users\npstudent\downloads\gameplay programming (gpp)\assignment 1\school'sout\school'sout\debug\schoolsout.obj
c:\users\npstudent\downloads\gameplay programming (gpp)\assignment 1\school'sout\school'sout\debug\player.obj
c:\users\npstudent\downloads\gameplay programming (gpp)\assignment 1\school'sout\school'sout\debug\winmain.obj
c:\users\npstudent\downloads\gameplay programming (gpp)\assignment 1\school'sout\school'sout\debug\texturemanager.obj
c:\users\npstudent\downloads\gameplay programming (gpp)\assignment 1\school'sout\school'sout\debug\input.obj
c:\users\npstudent\downloads\gameplay programming (gpp)\assignment 1\school'sout\school'sout\debug\image.obj
c:\users\npstudent\downloads\gameplay programming (gpp)\assignment 1\school'sout\school'sout\debug\graphics.obj
c:\users\npstudent\downloads\gameplay programming (gpp)\assignment 1\school'sout\school'sout\debug\game.obj
c:\users\npstudent\downloads\gameplay programming (gpp)\assignment 1\school'sout\school'sout\debug\entity.obj
c:\users\npstudent\downloads\gameplay programming (gpp)\assignment 1\school'sout\school'sout\debug\enemy.obj
c:\users\npstudent\downloads\gameplay programming (gpp)\assignment 1\school'sout\school'sout\debug\entitycollection.obj
c:\users\npstudent\downloads\gameplay programming (gpp)\assignment 1\school'sout\debug\school'sout.exe
c:\users\npstudent\downloads\gameplay programming (gpp)\assignment 1\school'sout\debug\school'sout.ilk
c:\users\npstudent\downloads\gameplay programming (gpp)\assignment 1\school'sout\debug\school'sout.pdb
d:\school\gpp\assignment 1\school'sout\school'sout\debug\enemy.obj
d:\school\gpp\assignment 1\school'sout\school'sout\debug\entity.obj
d:\school\gpp\assignment 1\school'sout\school'sout\debug\entitycollection.obj
d:\school\gpp\assignment 1\school'sout\school'sout\debug\game.obj
d:\school\gpp\assignment 1\school'sout\school'sout\debug\graphics.obj
d:\school\gpp\assignment 1\school'sout\school'sout\debug\image.obj
d:\school\gpp\assignment 1\school'sout\school'sout\debug\input.obj
d:\school\gpp\assignment 1\school'sout\school'sout\debug\player.obj
d:\school\gpp\assignment 1\school'sout\school'sout\debug\schoolsout.obj
d:\school\gpp\assignment 1\school'sout\school'sout\debug\spacewar.obj
d:\school\gpp\assignment 1\school'sout\school'sout\debug\texturemanager.obj
d:\school\gpp\assignment 1\school'sout\school'sout\debug\winmain.obj
d:\school\gpp\assignment 1\school'sout\school'sout\debug\vc141.idb
d:\school\gpp\assignment 1\school'sout\school'sout\debug\vc141.pdb
d:\school\gpp\assignment 1\school'sout\debug\school'sout.pdb
d:\school\gpp\assignment 1\school'sout\debug\school'sout.exe
d:\school\gpp\assignment 1\school'sout\debug\school'sout.ilk
d:\school\gpp\assignment 1\school'sout\school'sout\debug\school'sout.tlog\cl.command.1.tlog
d:\school\gpp\assignment 1\school'sout\school'sout\debug\school'sout.tlog\cl.read.1.tlog
d:\school\gpp\assignment 1\school'sout\school'sout\debug\school'sout.tlog\cl.write.1.tlog
d:\school\gpp\assignment 1\school'sout\school'sout\debug\school'sout.tlog\link.command.1.tlog
d:\school\gpp\assignment 1\school'sout\school'sout\debug\school'sout.tlog\link.read.1.tlog
d:\school\gpp\assignment 1\school'sout\school'sout\debug\school'sout.tlog\link.write.1.tlog
